[2022-01-19 11:32:04.090] [exthost] [info] extension host started
[2022-01-19 11:32:04.095] [exthost] [info] Lock '/root/.vscode-server/data/User/workspaceStorage/db00a02d3226b23aa48b0279f492935c/vscode.lock': Lock acquired.
[2022-01-19 11:32:04.164] [exthost] [info] ExtensionService#_doActivateExtension ms-python.python, startup: false, activationEvent: 'onLanguage:python', root cause: ms-python.vscode-pylance
[2022-01-19 11:32:04.164] [exthost] [info] ExtensionService#loadCommonJSModule file:///root/.vscode-server/extensions/ms-python.python-2021.12.1559732655/out/client/extension
[2022-01-19 11:32:04.301] [exthost] [info] ExtensionService#_doActivateExtension ms-toolsai.jupyter, startup: false, activationEvent: 'onLanguage:python'
[2022-01-19 11:32:04.301] [exthost] [info] ExtensionService#loadCommonJSModule file:///root/.vscode-server/extensions/ms-toolsai.jupyter-2021.9.1101343141/out/client/extension
[2022-01-19 11:32:04.474] [exthost] [info] ExtensionService#_doActivateExtension vscode.debug-auto-launch, startup: true, activationEvent: '*'
[2022-01-19 11:32:04.474] [exthost] [info] ExtensionService#loadCommonJSModule file:///root/.vscode-server/bin/6cba118ac49a1b88332f312a8f67186f7f3c1643/extensions/debug-auto-launch/dist/extension
[2022-01-19 11:32:04.476] [exthost] [info] ExtensionService#_doActivateExtension vscode.git, startup: true, activationEvent: '*', root cause: vscode.github
[2022-01-19 11:32:04.476] [exthost] [info] ExtensionService#loadCommonJSModule file:///root/.vscode-server/bin/6cba118ac49a1b88332f312a8f67186f7f3c1643/extensions/git/dist/main
[2022-01-19 11:32:04.793] [exthost] [info] ExtensionService#_doActivateExtension vscode.github, startup: true, activationEvent: '*'
[2022-01-19 11:32:04.793] [exthost] [info] ExtensionService#loadCommonJSModule file:///root/.vscode-server/bin/6cba118ac49a1b88332f312a8f67186f7f3c1643/extensions/github/dist/extension.js
[2022-01-19 11:32:04.889] [exthost] [info] ExtensionService#_doActivateExtension vscode.emmet, startup: false, activationEvent: 'onStartupFinished'
[2022-01-19 11:32:04.889] [exthost] [info] ExtensionService#loadCommonJSModule file:///root/.vscode-server/bin/6cba118ac49a1b88332f312a8f67186f7f3c1643/extensions/emmet/dist/node/emmetNodeMain
[2022-01-19 11:32:04.905] [exthost] [info] ExtensionService#_doActivateExtension vscode.merge-conflict, startup: false, activationEvent: 'onStartupFinished'
[2022-01-19 11:32:04.905] [exthost] [info] ExtensionService#loadCommonJSModule file:///root/.vscode-server/bin/6cba118ac49a1b88332f312a8f67186f7f3c1643/extensions/merge-conflict/dist/mergeConflictMain
[2022-01-19 11:32:04.908] [exthost] [info] eager extensions activated
[2022-01-19 11:32:04.956] [exthost] [info] ExtensionService#_doActivateExtension ms-vscode.js-debug, startup: false, activationEvent: 'onCommand:extension.js-debug.clearAutoAttachVariables'
[2022-01-19 11:32:04.956] [exthost] [info] ExtensionService#loadCommonJSModule file:///root/.vscode-server/bin/6cba118ac49a1b88332f312a8f67186f7f3c1643/extensions/ms-vscode.js-debug/src/extension.js
[2022-01-19 11:32:05.215] [exthost] [info] ExtensionService#_doActivateExtension ms-toolsai.jupyter-renderers, startup: false, activationEvent: 'api', root cause: ms-toolsai.jupyter
[2022-01-19 11:32:05.215] [exthost] [info] ExtensionService#loadCommonJSModule file:///root/.vscode-server/extensions/ms-toolsai.jupyter-renderers-1.0.4/out/extension_renderer/index.js
[2022-01-19 11:32:05.327] [exthost] [info] ExtensionService#_doActivateExtension ms-python.vscode-pylance, startup: false, activationEvent: 'onLanguage:python'
[2022-01-19 11:32:05.327] [exthost] [info] ExtensionService#loadCommonJSModule file:///root/.vscode-server/extensions/ms-python.vscode-pylance-2022.1.1/dist/extension.bundle.js
[2022-01-19 11:32:06.572] [exthost] [error] [ms-python.python] provider FAILED
[2022-01-19 11:32:06.572] [exthost] [error] Canceled: Canceled
	at S.makeCancelError (/root/.vscode-server/extensions/ms-python.python-2021.12.1559732655/out/client/extension.js:24:159824)
	at S.handleFailedRequest (/root/.vscode-server/extensions/ms-python.python-2021.12.1559732655/out/client/extension.js:24:159675)
	at /root/.vscode-server/extensions/ms-python.python-2021.12.1559732655/out/client/extension.js:24:120017
	at async s.provideHover (/root/.vscode-server/bin/6cba118ac49a1b88332f312a8f67186f7f3c1643/out/vs/server/remoteExtensionHostProcess.js:94:170095)
[2022-01-19 11:37:02.928] [exthost] [error] [ms-python.python] provider FAILED
[2022-01-19 11:37:02.928] [exthost] [error] Canceled: Canceled
	at S.makeCancelError (/root/.vscode-server/extensions/ms-python.python-2021.12.1559732655/out/client/extension.js:24:159824)
	at S.handleFailedRequest (/root/.vscode-server/extensions/ms-python.python-2021.12.1559732655/out/client/extension.js:24:159675)
	at /root/.vscode-server/extensions/ms-python.python-2021.12.1559732655/out/client/extension.js:24:120017
	at async s.provideHover (/root/.vscode-server/bin/6cba118ac49a1b88332f312a8f67186f7f3c1643/out/vs/server/remoteExtensionHostProcess.js:94:170095)
[2022-01-19 11:37:02.931] [exthost] [error] [ms-python.python] provider FAILED
[2022-01-19 11:37:02.931] [exthost] [error] Canceled: Canceled
	at S.makeCancelError (/root/.vscode-server/extensions/ms-python.python-2021.12.1559732655/out/client/extension.js:24:159824)
	at S.handleFailedRequest (/root/.vscode-server/extensions/ms-python.python-2021.12.1559732655/out/client/extension.js:24:159675)
	at /root/.vscode-server/extensions/ms-python.python-2021.12.1559732655/out/client/extension.js:24:120017
	at async s.provideHover (/root/.vscode-server/bin/6cba118ac49a1b88332f312a8f67186f7f3c1643/out/vs/server/remoteExtensionHostProcess.js:94:170095)
[2022-01-19 11:37:04.273] [exthost] [error] [ms-python.python] provider FAILED
[2022-01-19 11:37:04.273] [exthost] [error] Canceled: Canceled
	at S.makeCancelError (/root/.vscode-server/extensions/ms-python.python-2021.12.1559732655/out/client/extension.js:24:159824)
	at S.handleFailedRequest (/root/.vscode-server/extensions/ms-python.python-2021.12.1559732655/out/client/extension.js:24:159675)
	at /root/.vscode-server/extensions/ms-python.python-2021.12.1559732655/out/client/extension.js:24:120017
	at async s.provideHover (/root/.vscode-server/bin/6cba118ac49a1b88332f312a8f67186f7f3c1643/out/vs/server/remoteExtensionHostProcess.js:94:170095)
[2022-01-19 11:37:05.149] [exthost] [error] [ms-python.python] provider FAILED
[2022-01-19 11:37:05.149] [exthost] [error] Canceled: Canceled
	at S.makeCancelError (/root/.vscode-server/extensions/ms-python.python-2021.12.1559732655/out/client/extension.js:24:159824)
	at S.handleFailedRequest (/root/.vscode-server/extensions/ms-python.python-2021.12.1559732655/out/client/extension.js:24:159675)
	at /root/.vscode-server/extensions/ms-python.python-2021.12.1559732655/out/client/extension.js:24:123609
	at async v.provideDocumentHighlights (/root/.vscode-server/bin/6cba118ac49a1b88332f312a8f67186f7f3c1643/out/vs/server/remoteExtensionHostProcess.js:94:171033)
[2022-01-19 11:37:05.153] [exthost] [error] [ms-python.python] provider FAILED
[2022-01-19 11:37:05.153] [exthost] [error] Canceled: Canceled
	at S.makeCancelError (/root/.vscode-server/extensions/ms-python.python-2021.12.1559732655/out/client/extension.js:24:159824)
	at S.handleFailedRequest (/root/.vscode-server/extensions/ms-python.python-2021.12.1559732655/out/client/extension.js:24:159675)
	at /root/.vscode-server/extensions/ms-python.python-2021.12.1559732655/out/client/extension.js:24:127536
	at async A.provideCodeActions (/root/.vscode-server/bin/6cba118ac49a1b88332f312a8f67186f7f3c1643/out/vs/server/remoteExtensionHostProcess.js:94:172403)
[2022-01-19 11:37:05.174] [exthost] [error] [ms-python.python] provider FAILED
[2022-01-19 11:37:05.174] [exthost] [error] TypeError: Cannot read property 'length' of undefined
	at /root/.vscode-server/extensions/ms-python.python-2021.12.1559732655/out/client/extension.js:67:257359
	at p (/root/.vscode-server/extensions/ms-python.python-2021.12.1559732655/out/client/extension.js:67:262355)
	at async U.provideCompletionItems (/root/.vscode-server/bin/6cba118ac49a1b88332f312a8f67186f7f3c1643/out/vs/server/remoteExtensionHostProcess.js:94:180703)
[2022-01-19 13:36:51.085] [exthost] [error] [ms-python.python] provider FAILED
[2022-01-19 13:36:51.085] [exthost] [error] Canceled: Canceled
	at S.makeCancelError (/root/.vscode-server/extensions/ms-python.python-2021.12.1559732655/out/client/extension.js:24:159824)
	at S.handleFailedRequest (/root/.vscode-server/extensions/ms-python.python-2021.12.1559732655/out/client/extension.js:24:159675)
	at /root/.vscode-server/extensions/ms-python.python-2021.12.1559732655/out/client/extension.js:24:123609
	at async v.provideDocumentHighlights (/root/.vscode-server/bin/6cba118ac49a1b88332f312a8f67186f7f3c1643/out/vs/server/remoteExtensionHostProcess.js:94:171033)
[2022-01-19 13:36:52.951] [exthost] [error] [ms-python.python] provider FAILED
[2022-01-19 13:36:52.951] [exthost] [error] Canceled: Canceled
	at S.makeCancelError (/root/.vscode-server/extensions/ms-python.python-2021.12.1559732655/out/client/extension.js:24:159824)
	at S.handleFailedRequest (/root/.vscode-server/extensions/ms-python.python-2021.12.1559732655/out/client/extension.js:24:159675)
	at /root/.vscode-server/extensions/ms-python.python-2021.12.1559732655/out/client/extension.js:24:123609
	at async v.provideDocumentHighlights (/root/.vscode-server/bin/6cba118ac49a1b88332f312a8f67186f7f3c1643/out/vs/server/remoteExtensionHostProcess.js:94:171033)
[2022-01-19 13:36:56.203] [exthost] [error] [ms-python.python] provider FAILED
[2022-01-19 13:36:56.203] [exthost] [error] Canceled: Canceled
	at S.makeCancelError (/root/.vscode-server/extensions/ms-python.python-2021.12.1559732655/out/client/extension.js:24:159824)
	at S.handleFailedRequest (/root/.vscode-server/extensions/ms-python.python-2021.12.1559732655/out/client/extension.js:24:159675)
	at /root/.vscode-server/extensions/ms-python.python-2021.12.1559732655/out/client/extension.js:24:120017
	at async s.provideHover (/root/.vscode-server/bin/6cba118ac49a1b88332f312a8f67186f7f3c1643/out/vs/server/remoteExtensionHostProcess.js:94:170095)
[2022-01-19 13:36:58.404] [exthost] [error] [ms-python.python] provider FAILED
[2022-01-19 13:36:58.404] [exthost] [error] Canceled: Canceled
	at S.makeCancelError (/root/.vscode-server/extensions/ms-python.python-2021.12.1559732655/out/client/extension.js:24:159824)
	at S.handleFailedRequest (/root/.vscode-server/extensions/ms-python.python-2021.12.1559732655/out/client/extension.js:24:159675)
	at /root/.vscode-server/extensions/ms-python.python-2021.12.1559732655/out/client/extension.js:24:120017
	at async s.provideHover (/root/.vscode-server/bin/6cba118ac49a1b88332f312a8f67186f7f3c1643/out/vs/server/remoteExtensionHostProcess.js:94:170095)
[2022-01-19 13:37:06.909] [exthost] [error] [ms-python.python] provider FAILED
[2022-01-19 13:37:06.909] [exthost] [error] Canceled: Canceled
	at S.makeCancelError (/root/.vscode-server/extensions/ms-python.python-2021.12.1559732655/out/client/extension.js:24:159824)
	at S.handleFailedRequest (/root/.vscode-server/extensions/ms-python.python-2021.12.1559732655/out/client/extension.js:24:159675)
	at /root/.vscode-server/extensions/ms-python.python-2021.12.1559732655/out/client/extension.js:24:124663
	at async l.provideDocumentSymbols (/root/.vscode-server/bin/6cba118ac49a1b88332f312a8f67186f7f3c1643/out/vs/server/remoteExtensionHostProcess.js:94:166891)
[2022-01-19 13:37:07.317] [exthost] [error] [ms-python.python] provider FAILED
[2022-01-19 13:37:07.317] [exthost] [error] Canceled: Canceled
	at S.makeCancelError (/root/.vscode-server/extensions/ms-python.python-2021.12.1559732655/out/client/extension.js:24:159824)
	at S.handleFailedRequest (/root/.vscode-server/extensions/ms-python.python-2021.12.1559732655/out/client/extension.js:24:159675)
	at /root/.vscode-server/extensions/ms-python.python-2021.12.1559732655/out/client/extension.js:24:124663
	at async l.provideDocumentSymbols (/root/.vscode-server/bin/6cba118ac49a1b88332f312a8f67186f7f3c1643/out/vs/server/remoteExtensionHostProcess.js:94:166891)
[2022-01-19 13:37:08.511] [exthost] [error] [ms-python.python] provider FAILED
[2022-01-19 13:37:08.511] [exthost] [error] Canceled: Canceled
	at S.makeCancelError (/root/.vscode-server/extensions/ms-python.python-2021.12.1559732655/out/client/extension.js:24:159824)
	at S.handleFailedRequest (/root/.vscode-server/extensions/ms-python.python-2021.12.1559732655/out/client/extension.js:24:159675)
	at /root/.vscode-server/extensions/ms-python.python-2021.12.1559732655/out/client/extension.js:24:124663
	at async l.provideDocumentSymbols (/root/.vscode-server/bin/6cba118ac49a1b88332f312a8f67186f7f3c1643/out/vs/server/remoteExtensionHostProcess.js:94:166891)
[2022-01-19 13:37:09.657] [exthost] [error] [ms-python.python] provider FAILED
[2022-01-19 13:37:09.657] [exthost] [error] Canceled: Canceled
	at S.makeCancelError (/root/.vscode-server/extensions/ms-python.python-2021.12.1559732655/out/client/extension.js:24:159824)
	at S.handleFailedRequest (/root/.vscode-server/extensions/ms-python.python-2021.12.1559732655/out/client/extension.js:24:159675)
	at /root/.vscode-server/extensions/ms-python.python-2021.12.1559732655/out/client/extension.js:24:123609
	at async v.provideDocumentHighlights (/root/.vscode-server/bin/6cba118ac49a1b88332f312a8f67186f7f3c1643/out/vs/server/remoteExtensionHostProcess.js:94:171033)
[2022-01-19 14:00:31.972] [exthost] [info] extension host terminating: received terminate message from renderer
[2022-01-19 14:00:31.972] [exthost] [info] Lock '/root/.vscode-server/data/User/workspaceStorage/db00a02d3226b23aa48b0279f492935c/vscode.lock': Marking the lockfile as scheduled to be released in 6000 ms.
[2022-01-19 14:00:32.989] [exthost] [info] exiting with code 0
