[2021-12-29 10:26:22.621] [exthost] [info] extension host started
[2021-12-29 10:26:22.625] [exthost] [info] Lock '/root/.vscode-server/data/User/workspaceStorage/db00a02d3226b23aa48b0279f492935c/vscode.lock': Lock acquired.
[2021-12-29 10:26:22.681] [exthost] [info] ExtensionService#_doActivateExtension vscode.debug-auto-launch, startup: true, activationEvent: '*'
[2021-12-29 10:26:22.681] [exthost] [info] ExtensionService#loadCommonJSModule file:///root/.vscode-server/bin/6cba118ac49a1b88332f312a8f67186f7f3c1643/extensions/debug-auto-launch/dist/extension
[2021-12-29 10:26:22.685] [exthost] [info] ExtensionService#_doActivateExtension vscode.git, startup: true, activationEvent: '*', root cause: vscode.github
[2021-12-29 10:26:22.685] [exthost] [info] ExtensionService#loadCommonJSModule file:///root/.vscode-server/bin/6cba118ac49a1b88332f312a8f67186f7f3c1643/extensions/git/dist/main
[2021-12-29 10:26:22.842] [exthost] [info] ExtensionService#_doActivateExtension vscode.github, startup: true, activationEvent: '*'
[2021-12-29 10:26:22.842] [exthost] [info] ExtensionService#loadCommonJSModule file:///root/.vscode-server/bin/6cba118ac49a1b88332f312a8f67186f7f3c1643/extensions/github/dist/extension.js
[2021-12-29 10:26:22.917] [exthost] [info] ExtensionService#_doActivateExtension vscode.emmet, startup: false, activationEvent: 'onStartupFinished'
[2021-12-29 10:26:22.917] [exthost] [info] ExtensionService#loadCommonJSModule file:///root/.vscode-server/bin/6cba118ac49a1b88332f312a8f67186f7f3c1643/extensions/emmet/dist/node/emmetNodeMain
[2021-12-29 10:26:22.931] [exthost] [info] ExtensionService#_doActivateExtension vscode.merge-conflict, startup: false, activationEvent: 'onStartupFinished'
[2021-12-29 10:26:22.931] [exthost] [info] ExtensionService#loadCommonJSModule file:///root/.vscode-server/bin/6cba118ac49a1b88332f312a8f67186f7f3c1643/extensions/merge-conflict/dist/mergeConflictMain
[2021-12-29 10:26:22.933] [exthost] [info] eager extensions activated
[2021-12-29 10:26:23.611] [exthost] [info] ExtensionService#_doActivateExtension ms-vscode.js-debug, startup: false, activationEvent: 'onCommand:extension.js-debug.clearAutoAttachVariables'
[2021-12-29 10:26:23.611] [exthost] [info] ExtensionService#loadCommonJSModule file:///root/.vscode-server/bin/6cba118ac49a1b88332f312a8f67186f7f3c1643/extensions/ms-vscode.js-debug/src/extension.js
[2021-12-29 11:15:17.151] [exthost] [info] ExtensionService#_doActivateExtension vscode.configuration-editing, startup: false, activationEvent: 'onLanguage:json'
[2021-12-29 11:15:17.151] [exthost] [info] ExtensionService#loadCommonJSModule file:///root/.vscode-server/bin/6cba118ac49a1b88332f312a8f67186f7f3c1643/extensions/configuration-editing/dist/configurationEditingMain
[2021-12-29 11:15:17.161] [exthost] [info] ExtensionService#_doActivateExtension vscode.extension-editing, startup: false, activationEvent: 'onLanguage:json'
[2021-12-29 11:15:17.161] [exthost] [info] ExtensionService#loadCommonJSModule file:///root/.vscode-server/bin/6cba118ac49a1b88332f312a8f67186f7f3c1643/extensions/extension-editing/dist/extensionEditingMain
[2021-12-29 11:15:17.172] [exthost] [info] ExtensionService#_doActivateExtension vscode.json-language-features, startup: false, activationEvent: 'onLanguage:json'
[2021-12-29 11:15:17.172] [exthost] [info] ExtensionService#loadCommonJSModule file:///root/.vscode-server/bin/6cba118ac49a1b88332f312a8f67186f7f3c1643/extensions/json-language-features/client/dist/node/jsonClientMain
[2021-12-29 11:15:17.219] [exthost] [info] ExtensionService#_doActivateExtension vscode.npm, startup: false, activationEvent: 'onLanguage:json'
[2021-12-29 11:15:17.219] [exthost] [info] ExtensionService#loadCommonJSModule file:///root/.vscode-server/bin/6cba118ac49a1b88332f312a8f67186f7f3c1643/extensions/npm/dist/npmMain
[2021-12-29 11:24:04.947] [exthost] [info] extension host terminating: received terminate message from renderer
[2021-12-29 11:24:04.948] [exthost] [info] Lock '/root/.vscode-server/data/User/workspaceStorage/db00a02d3226b23aa48b0279f492935c/vscode.lock': Marking the lockfile as scheduled to be released in 6000 ms.
[2021-12-29 11:24:05.957] [exthost] [info] exiting with code 0
