[2022-01-24 11:43:04.973] [exthost] [info] extension host started
[2022-01-24 11:43:04.977] [exthost] [info] Lock '/root/.vscode-server/data/User/workspaceStorage/db00a02d3226b23aa48b0279f492935c/vscode.lock': Lock acquired.
[2022-01-24 11:43:05.013] [exthost] [info] ExtensionService#_doActivateExtension ms-python.python, startup: false, activationEvent: 'onLanguage:python', root cause: ms-python.vscode-pylance
[2022-01-24 11:43:05.013] [exthost] [info] ExtensionService#loadCommonJSModule file:///root/.vscode-server/extensions/ms-python.python-2021.12.1559732655/out/client/extension
[2022-01-24 11:43:05.152] [exthost] [info] ExtensionService#_doActivateExtension ms-toolsai.jupyter, startup: false, activationEvent: 'onLanguage:python'
[2022-01-24 11:43:05.152] [exthost] [info] ExtensionService#loadCommonJSModule file:///root/.vscode-server/extensions/ms-toolsai.jupyter-2021.9.1101343141/out/client/extension
[2022-01-24 11:43:05.321] [exthost] [info] ExtensionService#_doActivateExtension vscode.debug-auto-launch, startup: true, activationEvent: '*'
[2022-01-24 11:43:05.321] [exthost] [info] ExtensionService#loadCommonJSModule file:///root/.vscode-server/bin/6cba118ac49a1b88332f312a8f67186f7f3c1643/extensions/debug-auto-launch/dist/extension
[2022-01-24 11:43:05.324] [exthost] [info] ExtensionService#_doActivateExtension vscode.git, startup: true, activationEvent: '*', root cause: vscode.github
[2022-01-24 11:43:05.324] [exthost] [info] ExtensionService#loadCommonJSModule file:///root/.vscode-server/bin/6cba118ac49a1b88332f312a8f67186f7f3c1643/extensions/git/dist/main
[2022-01-24 11:43:05.801] [exthost] [info] ExtensionService#_doActivateExtension vscode.github, startup: true, activationEvent: '*'
[2022-01-24 11:43:05.801] [exthost] [info] ExtensionService#loadCommonJSModule file:///root/.vscode-server/bin/6cba118ac49a1b88332f312a8f67186f7f3c1643/extensions/github/dist/extension.js
[2022-01-24 11:43:05.816] [exthost] [info] ExtensionService#_doActivateExtension vscode.emmet, startup: false, activationEvent: 'onStartupFinished'
[2022-01-24 11:43:05.816] [exthost] [info] ExtensionService#loadCommonJSModule file:///root/.vscode-server/bin/6cba118ac49a1b88332f312a8f67186f7f3c1643/extensions/emmet/dist/node/emmetNodeMain
[2022-01-24 11:43:05.829] [exthost] [info] ExtensionService#_doActivateExtension vscode.merge-conflict, startup: false, activationEvent: 'onStartupFinished'
[2022-01-24 11:43:05.829] [exthost] [info] ExtensionService#loadCommonJSModule file:///root/.vscode-server/bin/6cba118ac49a1b88332f312a8f67186f7f3c1643/extensions/merge-conflict/dist/mergeConflictMain
[2022-01-24 11:43:05.832] [exthost] [info] eager extensions activated
[2022-01-24 11:43:05.933] [exthost] [info] ExtensionService#_doActivateExtension ms-toolsai.jupyter-renderers, startup: false, activationEvent: 'api', root cause: ms-toolsai.jupyter
[2022-01-24 11:43:05.933] [exthost] [info] ExtensionService#loadCommonJSModule file:///root/.vscode-server/extensions/ms-toolsai.jupyter-renderers-1.0.4/out/extension_renderer/index.js
[2022-01-24 11:43:06.018] [exthost] [info] ExtensionService#_doActivateExtension ms-vscode.js-debug, startup: false, activationEvent: 'onCommand:extension.js-debug.clearAutoAttachVariables'
[2022-01-24 11:43:06.018] [exthost] [info] ExtensionService#loadCommonJSModule file:///root/.vscode-server/bin/6cba118ac49a1b88332f312a8f67186f7f3c1643/extensions/ms-vscode.js-debug/src/extension.js
[2022-01-24 11:43:06.176] [exthost] [info] ExtensionService#_doActivateExtension ms-python.vscode-pylance, startup: false, activationEvent: 'onLanguage:python'
[2022-01-24 11:43:06.176] [exthost] [info] ExtensionService#loadCommonJSModule file:///root/.vscode-server/extensions/ms-python.vscode-pylance-2022.1.1/dist/extension.bundle.js
[2022-01-24 11:43:07.214] [exthost] [error] [ms-python.python] provider FAILED
[2022-01-24 11:43:07.215] [exthost] [error] Canceled: Canceled
	at S.makeCancelError (/root/.vscode-server/extensions/ms-python.python-2021.12.1559732655/out/client/extension.js:24:159824)
	at S.handleFailedRequest (/root/.vscode-server/extensions/ms-python.python-2021.12.1559732655/out/client/extension.js:24:159675)
	at /root/.vscode-server/extensions/ms-python.python-2021.12.1559732655/out/client/extension.js:24:127536
	at async A.provideCodeActions (/root/.vscode-server/bin/6cba118ac49a1b88332f312a8f67186f7f3c1643/out/vs/server/remoteExtensionHostProcess.js:94:172403)
[2022-01-24 12:02:52.962] [exthost] [error] [ms-python.python] provider FAILED
[2022-01-24 12:02:52.963] [exthost] [error] Canceled: Canceled
	at S.makeCancelError (/root/.vscode-server/extensions/ms-python.python-2021.12.1559732655/out/client/extension.js:24:159824)
	at S.handleFailedRequest (/root/.vscode-server/extensions/ms-python.python-2021.12.1559732655/out/client/extension.js:24:159675)
	at /root/.vscode-server/extensions/ms-python.python-2021.12.1559732655/out/client/extension.js:24:120017
	at async s.provideHover (/root/.vscode-server/bin/6cba118ac49a1b88332f312a8f67186f7f3c1643/out/vs/server/remoteExtensionHostProcess.js:94:170095)
[2022-01-24 13:26:20.851] [exthost] [info] extension host terminating: received terminate message from renderer
[2022-01-24 13:26:20.852] [exthost] [info] Lock '/root/.vscode-server/data/User/workspaceStorage/db00a02d3226b23aa48b0279f492935c/vscode.lock': Marking the lockfile as scheduled to be released in 6000 ms.
[2022-01-24 13:26:21.872] [exthost] [info] exiting with code 0
