[Info  - 5:01:13 AM] Pylance language server 2022.1.0 (pyright 5829dcbb) starting
[Info  - 5:01:13 AM] Server root directory: /root/.vscode-server/extensions/ms-python.vscode-pylance-2022.1.0/dist
[Info  - 5:01:13 AM] No configuration file found.
[Info  - 5:01:13 AM] No pyproject.toml file found.
[Info  - 5:01:13 AM] Setting pythonPath for service "AI": "/usr/bin/python3"
[Warn  - 5:01:13 AM] stubPath /root/AI/typings is not a valid directory.
[Info  - 5:01:13 AM] Assuming Python version 3.6
[Info  - 5:01:13 AM] Assuming Python platform Linux
[Warn  - 5:01:13 AM] Exception received when installing file system watcher: TypeError [ERR_FEATURE_UNAVAILABLE_ON_PLATFORM]: The feature watch recursively is unavailable on the current platform, which is being used to run Node.js
[Warn  - 5:01:13 AM] Exception received when installing file system watcher: TypeError [ERR_FEATURE_UNAVAILABLE_ON_PLATFORM]: The feature watch recursively is unavailable on the current platform, which is being used to run Node.js
[Warn  - 5:01:13 AM] Exception received when installing file system watcher: TypeError [ERR_FEATURE_UNAVAILABLE_ON_PLATFORM]: The feature watch recursively is unavailable on the current platform, which is being used to run Node.js
[Warn  - 5:01:13 AM] Exception received when installing file system watcher: TypeError [ERR_FEATURE_UNAVAILABLE_ON_PLATFORM]: The feature watch recursively is unavailable on the current platform, which is being used to run Node.js
[Info  - 5:01:13 AM] Searching for source files
[Info  - 5:01:13 AM] Found 67 source files
[Info  - 5:01:13 AM] Background analysis(1) root directory: /root/.vscode-server/extensions/ms-python.vscode-pylance-2022.1.0/dist
[Info  - 5:01:13 AM] Background analysis(1) started
[Info  - 5:03:18 AM] Searching for source files
[Info  - 5:03:18 AM] Found 66 source files
[Info  - 9:01:05 AM] Searching for source files
[Info  - 9:01:05 AM] Found 128 source files
[Info  - 9:01:07 AM] [BG(1)] Long operation: analyzing: /root/AI/1_math/ch01/7-1-1_Implementation_with_Sequnial_Method.py (2015ms)
