[2022-01-18 12:40:23.132] [exthost] [info] extension host started
[2022-01-18 12:40:23.137] [exthost] [info] Lock '/root/.vscode-server/data/User/workspaceStorage/db00a02d3226b23aa48b0279f492935c/vscode.lock': Lock acquired.
[2022-01-18 12:40:23.366] [exthost] [info] ExtensionService#_doActivateExtension vscode.debug-auto-launch, startup: true, activationEvent: '*'
[2022-01-18 12:40:23.366] [exthost] [info] ExtensionService#loadCommonJSModule file:///root/.vscode-server/bin/6cba118ac49a1b88332f312a8f67186f7f3c1643/extensions/debug-auto-launch/dist/extension
[2022-01-18 12:40:23.370] [exthost] [info] ExtensionService#_doActivateExtension vscode.git, startup: true, activationEvent: '*', root cause: vscode.github
[2022-01-18 12:40:23.370] [exthost] [info] ExtensionService#loadCommonJSModule file:///root/.vscode-server/bin/6cba118ac49a1b88332f312a8f67186f7f3c1643/extensions/git/dist/main
[2022-01-18 12:40:23.723] [exthost] [info] ExtensionService#_doActivateExtension vscode.github, startup: true, activationEvent: '*'
[2022-01-18 12:40:23.723] [exthost] [info] ExtensionService#loadCommonJSModule file:///root/.vscode-server/bin/6cba118ac49a1b88332f312a8f67186f7f3c1643/extensions/github/dist/extension.js
[2022-01-18 12:40:24.001] [exthost] [info] ExtensionService#_doActivateExtension vscode.emmet, startup: false, activationEvent: 'onStartupFinished'
[2022-01-18 12:40:24.001] [exthost] [info] ExtensionService#loadCommonJSModule file:///root/.vscode-server/bin/6cba118ac49a1b88332f312a8f67186f7f3c1643/extensions/emmet/dist/node/emmetNodeMain
[2022-01-18 12:40:24.014] [exthost] [info] ExtensionService#_doActivateExtension vscode.merge-conflict, startup: false, activationEvent: 'onStartupFinished'
[2022-01-18 12:40:24.014] [exthost] [info] ExtensionService#loadCommonJSModule file:///root/.vscode-server/bin/6cba118ac49a1b88332f312a8f67186f7f3c1643/extensions/merge-conflict/dist/mergeConflictMain
[2022-01-18 12:40:24.016] [exthost] [info] eager extensions activated
[2022-01-18 12:40:24.087] [exthost] [info] ExtensionService#_doActivateExtension ms-vscode.js-debug, startup: false, activationEvent: 'onCommand:extension.js-debug.clearAutoAttachVariables'
[2022-01-18 12:40:24.087] [exthost] [info] ExtensionService#loadCommonJSModule file:///root/.vscode-server/bin/6cba118ac49a1b88332f312a8f67186f7f3c1643/extensions/ms-vscode.js-debug/src/extension.js
[2022-01-18 12:40:26.993] [exthost] [info] ExtensionService#_doActivateExtension ms-toolsai.jupyter, startup: false, activationEvent: 'onLanguage:python'
[2022-01-18 12:40:26.993] [exthost] [info] ExtensionService#loadCommonJSModule file:///root/.vscode-server/extensions/ms-toolsai.jupyter-2021.9.1101343141/out/client/extension
[2022-01-18 12:40:27.293] [exthost] [info] ExtensionService#_doActivateExtension ms-toolsai.jupyter-renderers, startup: false, activationEvent: 'api', root cause: ms-toolsai.jupyter
[2022-01-18 12:40:27.293] [exthost] [info] ExtensionService#loadCommonJSModule file:///root/.vscode-server/extensions/ms-toolsai.jupyter-renderers-1.0.4/out/extension_renderer/index.js
[2022-01-18 12:40:32.659] [exthost] [info] ExtensionService#_doActivateExtension ms-python.python, startup: false, activationEvent: 'api', root cause: ms-toolsai.jupyter
[2022-01-18 12:40:32.659] [exthost] [info] ExtensionService#loadCommonJSModule file:///root/.vscode-server/extensions/ms-python.python-2021.12.1559732655/out/client/extension
[2022-01-18 12:40:37.078] [exthost] [info] ExtensionService#_doActivateExtension ms-python.vscode-pylance, startup: false, activationEvent: 'onLanguage:python'
[2022-01-18 12:40:37.078] [exthost] [info] ExtensionService#loadCommonJSModule file:///root/.vscode-server/extensions/ms-python.vscode-pylance-2022.1.1/dist/extension.bundle.js
[2022-01-18 14:24:49.583] [exthost] [info] extension host terminating: received terminate message from renderer
[2022-01-18 14:24:49.584] [exthost] [info] Lock '/root/.vscode-server/data/User/workspaceStorage/db00a02d3226b23aa48b0279f492935c/vscode.lock': Marking the lockfile as scheduled to be released in 6000 ms.
[2022-01-18 14:24:50.606] [exthost] [info] exiting with code 0
