[2022-01-09 04:28:33.416] [exthost] [info] extension host started
[2022-01-09 04:28:33.420] [exthost] [info] Lock '/root/.vscode-server/data/User/workspaceStorage/db00a02d3226b23aa48b0279f492935c/vscode.lock': Lock acquired.
[2022-01-09 04:28:33.444] [exthost] [info] ExtensionService#_doActivateExtension vscode.debug-auto-launch, startup: true, activationEvent: '*'
[2022-01-09 04:28:33.444] [exthost] [info] ExtensionService#loadCommonJSModule file:///root/.vscode-server/bin/6cba118ac49a1b88332f312a8f67186f7f3c1643/extensions/debug-auto-launch/dist/extension
[2022-01-09 04:28:33.448] [exthost] [info] ExtensionService#_doActivateExtension vscode.git, startup: true, activationEvent: '*', root cause: vscode.github
[2022-01-09 04:28:33.448] [exthost] [info] ExtensionService#loadCommonJSModule file:///root/.vscode-server/bin/6cba118ac49a1b88332f312a8f67186f7f3c1643/extensions/git/dist/main
[2022-01-09 04:28:33.675] [exthost] [info] ExtensionService#_doActivateExtension vscode.github, startup: true, activationEvent: '*'
[2022-01-09 04:28:33.675] [exthost] [info] ExtensionService#loadCommonJSModule file:///root/.vscode-server/bin/6cba118ac49a1b88332f312a8f67186f7f3c1643/extensions/github/dist/extension.js
[2022-01-09 04:28:33.700] [exthost] [info] ExtensionService#_doActivateExtension vscode.emmet, startup: false, activationEvent: 'onStartupFinished'
[2022-01-09 04:28:33.700] [exthost] [info] ExtensionService#loadCommonJSModule file:///root/.vscode-server/bin/6cba118ac49a1b88332f312a8f67186f7f3c1643/extensions/emmet/dist/node/emmetNodeMain
[2022-01-09 04:28:33.715] [exthost] [info] ExtensionService#_doActivateExtension vscode.merge-conflict, startup: false, activationEvent: 'onStartupFinished'
[2022-01-09 04:28:33.716] [exthost] [info] ExtensionService#loadCommonJSModule file:///root/.vscode-server/bin/6cba118ac49a1b88332f312a8f67186f7f3c1643/extensions/merge-conflict/dist/mergeConflictMain
[2022-01-09 04:28:33.718] [exthost] [info] eager extensions activated
[2022-01-09 04:28:33.810] [exthost] [info] ExtensionService#_doActivateExtension ms-vscode.js-debug, startup: false, activationEvent: 'onCommand:extension.js-debug.clearAutoAttachVariables'
[2022-01-09 04:28:33.810] [exthost] [info] ExtensionService#loadCommonJSModule file:///root/.vscode-server/bin/6cba118ac49a1b88332f312a8f67186f7f3c1643/extensions/ms-vscode.js-debug/src/extension.js
[2022-01-09 04:58:30.450] [exthost] [info] ExtensionService#_doActivateExtension ms-toolsai.jupyter, startup: false, activationEvent: 'onLanguage:python'
[2022-01-09 04:58:30.450] [exthost] [info] ExtensionService#loadCommonJSModule file:///root/.vscode-server/extensions/ms-toolsai.jupyter-2021.9.1101343141/out/client/extension
[2022-01-09 04:58:30.779] [exthost] [info] ExtensionService#_doActivateExtension ms-toolsai.jupyter-renderers, startup: false, activationEvent: 'api', root cause: ms-toolsai.jupyter
[2022-01-09 04:58:30.779] [exthost] [info] ExtensionService#loadCommonJSModule file:///root/.vscode-server/extensions/ms-toolsai.jupyter-renderers-1.0.4/out/extension_renderer/index.js
[2022-01-09 04:59:22.591] [exthost] [info] ExtensionService#_doActivateExtension vscode.extension-editing, startup: false, activationEvent: 'onLanguage:markdown'
[2022-01-09 04:59:22.591] [exthost] [info] ExtensionService#loadCommonJSModule file:///root/.vscode-server/bin/6cba118ac49a1b88332f312a8f67186f7f3c1643/extensions/extension-editing/dist/extensionEditingMain
[2022-01-09 04:59:22.606] [exthost] [info] ExtensionService#_doActivateExtension vscode.markdown-language-features, startup: false, activationEvent: 'onLanguage:markdown'
[2022-01-09 04:59:22.606] [exthost] [info] ExtensionService#loadCommonJSModule file:///root/.vscode-server/bin/6cba118ac49a1b88332f312a8f67186f7f3c1643/extensions/markdown-language-features/dist/extension
[2022-01-09 04:59:22.756] [exthost] [info] ExtensionService#_doActivateExtension vscode.markdown-math, startup: false, activationEvent: 'api', root cause: vscode.markdown-language-features
[2022-01-09 04:59:22.756] [exthost] [info] ExtensionService#loadCommonJSModule file:///root/.vscode-server/bin/6cba118ac49a1b88332f312a8f67186f7f3c1643/extensions/markdown-math/dist/extension
[2022-01-09 04:59:48.257] [exthost] [info] ExtensionService#_doActivateExtension vscode.ipynb, startup: false, activationEvent: 'onNotebook:jupyter-notebook}'
[2022-01-09 04:59:48.257] [exthost] [info] ExtensionService#loadCommonJSModule file:///root/.vscode-server/bin/6cba118ac49a1b88332f312a8f67186f7f3c1643/extensions/ipynb/dist/ipynbMain.js
[2022-01-09 05:01:12.719] [exthost] [info] ExtensionService#_doActivateExtension ms-python.python, startup: false, activationEvent: 'api', root cause: ms-toolsai.jupyter
[2022-01-09 05:01:12.719] [exthost] [info] ExtensionService#loadCommonJSModule file:///root/.vscode-server/extensions/ms-python.python-2021.12.1559732655/out/client/extension
[2022-01-09 05:01:12.975] [exthost] [info] ExtensionService#_doActivateExtension ms-python.vscode-pylance, startup: false, activationEvent: 'onLanguage:python'
[2022-01-09 05:01:12.975] [exthost] [info] ExtensionService#loadCommonJSModule file:///root/.vscode-server/extensions/ms-python.vscode-pylance-2022.1.0/dist/extension.bundle.js
[2022-01-09 08:52:35.868] [exthost] [error] [ms-python.python] provider FAILED
[2022-01-09 08:52:35.868] [exthost] [error] Canceled: Canceled
	at S.makeCancelError (/root/.vscode-server/extensions/ms-python.python-2021.12.1559732655/out/client/extension.js:24:159824)
	at S.handleFailedRequest (/root/.vscode-server/extensions/ms-python.python-2021.12.1559732655/out/client/extension.js:24:159675)
	at /root/.vscode-server/extensions/ms-python.python-2021.12.1559732655/out/client/extension.js:24:124663
	at async l.provideDocumentSymbols (/root/.vscode-server/bin/6cba118ac49a1b88332f312a8f67186f7f3c1643/out/vs/server/remoteExtensionHostProcess.js:94:166891)
[2022-01-09 08:52:35.945] [exthost] [error] [ms-python.python] provider FAILED
[2022-01-09 08:52:35.945] [exthost] [error] Canceled: Canceled
	at S.makeCancelError (/root/.vscode-server/extensions/ms-python.python-2021.12.1559732655/out/client/extension.js:24:159824)
	at S.handleFailedRequest (/root/.vscode-server/extensions/ms-python.python-2021.12.1559732655/out/client/extension.js:24:159675)
	at /root/.vscode-server/extensions/ms-python.python-2021.12.1559732655/out/client/extension.js:67:238508
	at async V.provideDocumentSemanticTokens (/root/.vscode-server/bin/6cba118ac49a1b88332f312a8f67186f7f3c1643/out/vs/server/remoteExtensionHostProcess.js:94:177894)
[2022-01-09 08:52:35.951] [exthost] [error] [ms-python.python] provider FAILED
[2022-01-09 08:52:35.951] [exthost] [error] Canceled: Canceled
	at S.makeCancelError (/root/.vscode-server/extensions/ms-python.python-2021.12.1559732655/out/client/extension.js:24:159824)
	at S.handleFailedRequest (/root/.vscode-server/extensions/ms-python.python-2021.12.1559732655/out/client/extension.js:24:159675)
	at /root/.vscode-server/extensions/ms-python.python-2021.12.1559732655/out/client/extension.js:67:239586
	at async O.provideDocumentRangeSemanticTokens (/root/.vscode-server/bin/6cba118ac49a1b88332f312a8f67186f7f3c1643/out/vs/server/remoteExtensionHostProcess.js:94:180004)
